<?xml version="1.0" encoding="UTF-8"?>
<!-- Generated by org.testng.reporters.JUnitReportReporter -->
<testsuite hostname="DESKTOP-HB1OS85" failures="0" tests="1" name="qaclickacademy.AppiumTest" time="0.002" errors="0" timestamp="2021-09-03T16:13:51 EDT" skipped="0">
  <testcase classname="qaclickacademy.AppiumTest" name="AppTest1" time="0.002"/>
  <system-out/>
</testsuite> <!-- qaclickacademy.AppiumTest -->
