<?xml version="1.0" encoding="UTF-8"?>
<!-- Generated by org.testng.reporters.JUnitReportReporter -->
<testsuite hostname="DESKTOP-HB1OS85" failures="0" tests="2" name="qaclickacademy.SeleniumTest" time="0.000" errors="0" timestamp="2021-09-03T16:13:51 EDT" skipped="0">
  <testcase classname="qaclickacademy.SeleniumTest" name="SeleniumTest2" time="0.000"/>
  <system-out/>
  <testcase classname="qaclickacademy.SeleniumTest" name="SeleniumTest1" time="0.000"/>
  <system-out/>
</testsuite> <!-- qaclickacademy.SeleniumTest -->
